<testsuites id="" name="" tests="1" failures="0" skipped="0" errors="0" time="25.987321">
<testsuite name="BigasketOrdersTabTest.spec.js" timestamp="2025-04-10T13:12:43.231Z" hostname="Chrome" tests="1" failures="0" skipped="0" time="24.487" errors="0">
<testcase name="Bigbasket orders Tab Test" classname="BigasketOrdersTabTest.spec.js" time="24.487">
<system-out>
<![CDATA[Waiting for username field...
Filling username...
Filling password...
Clicking login button...
Navigating to NUI...
Waiting for search field...
Logged in successfully! Test can continue.
Waiting for input field to appear...
Input field is ready. Filling the ticket ID...
pressed enter key
ExpendView method is executed
clickOnSearchTicket method is executed
Waiting for TICKET_DETAILS button...
Validation successfull
]]>
</system-out>
<system-err>
<![CDATA[Error interacting with TICKET_DETAILS button: TypeError: _TicketListPageElements.ticketDetailsTab.waitFor is not a function
    at TicketListPage.doValiadationForSearchTicket [90m(C:\Playwrite - Copy\[39mPages\TicketListPage.js:91:30[90m)[39m
    at [90mC:\Playwrite - Copy\[39mtests\BigasketOrdersTabTest.spec.js:16:3
    at [90mC:\Playwrite - Copy\[39mnode_modules\[4mplaywright[24m\lib\worker\workerMain.js:339:9
    at [90mC:\Playwrite - Copy\[39mnode_modules\[4mplaywright[24m\lib\worker\testInfo.js:286:11
    at TimeoutManager.withRunnable [90m(C:\Playwrite - Copy\[39mnode_modules\[4mplaywright[24m\lib\worker\timeoutManager.js:64:14[90m)[39m
    at TestInfoImpl._runAsStage [90m(C:\Playwrite - Copy\[39mnode_modules\[4mplaywright[24m\lib\worker\testInfo.js:284:7[90m)[39m
    at [90mC:\Playwrite - Copy\[39mnode_modules\[4mplaywright[24m\lib\worker\workerMain.js:331:7
    at [90mC:\Playwrite - Copy\[39mnode_modules\[4mplaywright[24m\lib\worker\testInfo.js:286:11
    at TimeoutManager.withRunnable [90m(C:\Playwrite - Copy\[39mnode_modules\[4mplaywright[24m\lib\worker\timeoutManager.js:52:27[90m)[39m
    at TestInfoImpl._runAsStage [90m(C:\Playwrite - Copy\[39mnode_modules\[4mplaywright[24m\lib\worker\testInfo.js:284:7[90m)[39m
    at WorkerMain._runTest [90m(C:\Playwrite - Copy\[39mnode_modules\[4mplaywright[24m\lib\worker\workerMain.js:281:5[90m)[39m
    at WorkerMain.runTestGroup [90m(C:\Playwrite - Copy\[39mnode_modules\[4mplaywright[24m\lib\worker\workerMain.js:205:11[90m)[39m
    at process.<anonymous> [90m(C:\Playwrite - Copy\[39mnode_modules\[4mplaywright[24m\lib\common\process.js:95:22[90m)[39m
]]>
</system-err>
</testcase>
</testsuite>
</testsuites>