<testsuites id="" name="" tests="1" failures="0" skipped="0" errors="0" time="55.11191300000064">
<testsuite name="BigasketSendMessage.spec.js" timestamp="2025-06-17T07:26:49.494Z" hostname="Chrome" tests="1" failures="0" skipped="0" time="53.071" errors="0">
<testcase name="Bigbasket Send Message" classname="BigasketSendMessage.spec.js" time="53.071">
<system-out>
<![CDATA[Waiting for input field to appear...
Input field is ready. Filling the ticket ID...
pressed enter key
ExpendView method is executed
clickOnSearchTicket method is executed
Waiting for TICKET_DETAILS button...
Validation successfull
pressed enter key
]]>
</system-out>
<system-err>
<![CDATA[Error interacting with TICKET_DETAILS button: TypeError: _TicketListPageElements.ticketDetailsTab.waitFor is not a function
    at TicketListPage.doValiadationForSearchTicket [90m(C:\kapturePlaywriteProduction\playwright\[39mPages\TicketListPage.js:91:30[90m)[39m
    at [90mC:\kapturePlaywriteProduction\playwright\[39mtests\BigasketSendMessage.spec.js:13:3
    at [90mC:\kapturePlaywriteProduction\playwright\[39mnode_modules\[4mplaywright[24m\lib\worker\workerMain.js:304:9
    at [90mC:\kapturePlaywriteProduction\playwright\[39mnode_modules\[4mplaywright[24m\lib\worker\testInfo.js:277:11
    at TimeoutManager.withRunnable [90m(C:\kapturePlaywriteProduction\playwright\[39mnode_modules\[4mplaywright[24m\lib\worker\timeoutManager.js:67:14[90m)[39m
    at TestInfoImpl._runWithTimeout [90m(C:\kapturePlaywriteProduction\playwright\[39mnode_modules\[4mplaywright[24m\lib\worker\testInfo.js:275:7[90m)[39m
    at [90mC:\kapturePlaywriteProduction\playwright\[39mnode_modules\[4mplaywright[24m\lib\worker\workerMain.js:302:7
    at WorkerMain._runTest [90m(C:\kapturePlaywriteProduction\playwright\[39mnode_modules\[4mplaywright[24m\lib\worker\workerMain.js:277:5[90m)[39m
    at WorkerMain.runTestGroup [90m(C:\kapturePlaywriteProduction\playwright\[39mnode_modules\[4mplaywright[24m\lib\worker\workerMain.js:193:11[90m)[39m
    at process.<anonymous> [90m(C:\kapturePlaywriteProduction\playwright\[39mnode_modules\[4mplaywright[24m\lib\common\process.js:70:22[90m)[39m
]]>
</system-err>
</testcase>
</testsuite>
</testsuites>